###############################################################################
#
# IAR C/C++ Compiler V10.10.1.4655 for 8051               05/Feb/2026  17:28:21
# Copyright 2004-2017 IAR Systems AB.
# Standalone license - IAR Embedded Workbench for 8051
#
#    Core               =  plain
#    Code model         =  banked
#    Data model         =  large
#    Calling convention =  xdata reentrant
#    Constant location  =  data_rom
#    Dptr setup         =  1,16
#                          
#    Source file        =  
#        D:\project\Z-Stack 3.0.2\Projects\zstack\ZMain\TI2530DB\ZMain.c
#    Command line       =  
#        -f C:\Users\KLF\AppData\Local\Temp\EW6643.tmp ("D:\project\Z-Stack
#        3.0.2\Projects\zstack\ZMain\TI2530DB\ZMain.c" -D BDB_REPORTING -D
#        xPOWER_SAVING -D NWK_AUTO_POLL -D xZTOOL_P1 -D xMT_TASK -D
#        xMT_APP_FUNC -D xMT_SYS_FUNC -D xMT_ZDO_FUNC -D xMT_APP_CNF_FUNC -D
#        LCD_SUPPORTED=DEBUG -D MULTICAST_ENABLED=FALSE -D ZCL_READ -D
#        ZCL_DISCOVER -D ZCL_WRITE -D ZCL_BASIC -D ZCL_IDENTIFY -D
#        ZCL_TEMPERATURE_MEASUREMENT -D ZCL_GROUPS -D HAL_UART=TRUE -D
#        INT_HEAP_LEN=2048 -lC "D:\project\Z-Stack
#        3.0.2\Projects\zstack\HomeAutomation\ZEM\CC2530DB\EndDeviceEB\List"
#        -lA "D:\project\Z-Stack
#        3.0.2\Projects\zstack\HomeAutomation\ZEM\CC2530DB\EndDeviceEB\List"
#        --diag_suppress Pe001,Pa010 -o "D:\project\Z-Stack
#        3.0.2\Projects\zstack\HomeAutomation\ZEM\CC2530DB\EndDeviceEB\Obj" -e
#        --debug --core=plain --dptr=16,1 --data_model=large
#        --code_model=banked --calling_convention=xdata_reentrant
#        --place_constants=data_rom --nr_virtual_regs 16 -f "D:\project\Z-Stack
#        3.0.2\Projects\zstack\HomeAutomation\ZEM\CC2530DB\..\..\..\Tools\CC2530DB\f8wEndev.cfg"
#        (-DCPU32MHZ -DROOT=__near_func -DMAC_CFG_TX_DATA_MAX=3
#        -DMAC_CFG_TX_MAX=6 -DMAC_CFG_RX_MAX=3) -f "D:\project\Z-Stack
#        3.0.2\Projects\zstack\HomeAutomation\ZEM\CC2530DB\..\..\..\Tools\CC2530DB\f8wConfig.cfg"
#        (-DZIGBEEPRO -DSECURE=1 -DZG_SECURE_DYNAMIC=0 -DREFLECTOR
#        -DDEFAULT_CHANLIST=0x00100000 -DZDAPP_CONFIG_PAN_ID=0x1234
#        -DNWK_START_DELAY=100 -DEXTENDED_JOINING_RANDOM_MASK=0x007F
#        -DBEACON_REQUEST_DELAY=100 -DBEACON_REQ_DELAY_MASK=0x00FF
#        -DLINK_STATUS_JITTER_MASK=0x007F -DROUTE_EXPIRY_TIME=30
#        -DAPSC_ACK_WAIT_DURATION_POLLED=3000 -DNWK_INDIRECT_MSG_TIMEOUT=7
#        -DMAX_RREQ_ENTRIES=8 -DAPSC_MAX_FRAME_RETRIES=3
#        -DNWK_MAX_DATA_RETRIES=2 -DMAX_POLL_FAILURE_RETRIES=2 -DMAX_BCAST=9
#        -DAPS_MAX_GROUPS=16 -DMAX_RTG_ENTRIES=40 -DNWK_MAX_BINDING_ENTRIES=4
#        -DMAX_BINDING_CLUSTER_IDS=4 -DDEFAULT_KEY={0} -DMAC_MAX_FRAME_SIZE=116
#        -DZDNWKMGR_MIN_TRANSMISSIONS=20 "-DCONST=const __code"
#        -DGENERIC=__generic -DRFD_RCVC_ALWAYS_ON=FALSE -DPOLL_RATE=1000
#        -DQUEUED_POLL_RATE=100 -DRESPONSE_POLL_RATE=100 -DREJOIN_POLL_RATE=440
#        -DREJOIN_BACKOFF=900000 -DREJOIN_SCAN=900000 -DENABLE_LED4_DISABLE_S1)
#        -f "D:\project\Z-Stack
#        3.0.2\Projects\zstack\HomeAutomation\ZEM\CC2530DB\..\..\..\Tools\CC2530DB\f8wZCL.cfg"
#        -I "D:\project\Z-Stack
#        3.0.2\Projects\zstack\HomeAutomation\ZEM\CC2530DB\" -I
#        "D:\project\Z-Stack
#        3.0.2\Projects\zstack\HomeAutomation\ZEM\CC2530DB\..\Source\" -I
#        "D:\project\Z-Stack
#        3.0.2\Projects\zstack\HomeAutomation\ZEM\CC2530DB\..\..\Source\" -I
#        "D:\project\Z-Stack
#        3.0.2\Projects\zstack\HomeAutomation\ZEM\CC2530DB\..\..\..\ZMain\TI2530DB\"
#        -I "D:\project\Z-Stack
#        3.0.2\Projects\zstack\HomeAutomation\ZEM\CC2530DB\..\..\..\..\..\Components\hal\include\"
#        -I "D:\project\Z-Stack
#        3.0.2\Projects\zstack\HomeAutomation\ZEM\CC2530DB\..\..\..\..\..\Components\hal\target\CC2530EB\"
#        -I "D:\project\Z-Stack
#        3.0.2\Projects\zstack\HomeAutomation\ZEM\CC2530DB\..\..\..\..\..\Components\mac\include\"
#        -I "D:\project\Z-Stack
#        3.0.2\Projects\zstack\HomeAutomation\ZEM\CC2530DB\..\..\..\..\..\Components\mac\high_level\"
#        -I "D:\project\Z-Stack
#        3.0.2\Projects\zstack\HomeAutomation\ZEM\CC2530DB\..\..\..\..\..\Components\mac\low_level\srf04\"
#        -I "D:\project\Z-Stack
#        3.0.2\Projects\zstack\HomeAutomation\ZEM\CC2530DB\..\..\..\..\..\Components\mac\low_level\srf04\single_chip\"
#        -I "D:\project\Z-Stack
#        3.0.2\Projects\zstack\HomeAutomation\ZEM\CC2530DB\..\..\..\..\..\Components\mt\"
#        -I "D:\project\Z-Stack
#        3.0.2\Projects\zstack\HomeAutomation\ZEM\CC2530DB\..\..\..\..\..\Components\osal\include\"
#        -I "D:\project\Z-Stack
#        3.0.2\Projects\zstack\HomeAutomation\ZEM\CC2530DB\..\..\..\..\..\Components\services\saddr\"
#        -I "D:\project\Z-Stack
#        3.0.2\Projects\zstack\HomeAutomation\ZEM\CC2530DB\..\..\..\..\..\Components\services\sdata\"
#        -I "D:\project\Z-Stack
#        3.0.2\Projects\zstack\HomeAutomation\ZEM\CC2530DB\..\..\..\..\..\Components\stack\af\"
#        -I "D:\project\Z-Stack
#        3.0.2\Projects\zstack\HomeAutomation\ZEM\CC2530DB\..\..\..\..\..\Components\stack\bdb\"
#        -I "D:\project\Z-Stack
#        3.0.2\Projects\zstack\HomeAutomation\ZEM\CC2530DB\..\..\..\..\..\Components\stack\gp\"
#        -I "D:\project\Z-Stack
#        3.0.2\Projects\zstack\HomeAutomation\ZEM\CC2530DB\..\..\..\..\..\Components\stack\nwk\"
#        -I "D:\project\Z-Stack
#        3.0.2\Projects\zstack\HomeAutomation\ZEM\CC2530DB\..\..\..\..\..\Components\stack\sapi\"
#        -I "D:\project\Z-Stack
#        3.0.2\Projects\zstack\HomeAutomation\ZEM\CC2530DB\..\..\..\..\..\Components\stack\sec\"
#        -I "D:\project\Z-Stack
#        3.0.2\Projects\zstack\HomeAutomation\ZEM\CC2530DB\..\..\..\..\..\Components\stack\sys\"
#        -I "D:\project\Z-Stack
#        3.0.2\Projects\zstack\HomeAutomation\ZEM\CC2530DB\..\..\..\..\..\Components\stack\zcl\"
#        -I "D:\project\Z-Stack
#        3.0.2\Projects\zstack\HomeAutomation\ZEM\CC2530DB\..\..\..\..\..\Components\stack\zdo\"
#        -I "D:\project\Z-Stack
#        3.0.2\Projects\zstack\HomeAutomation\ZEM\CC2530DB\..\..\..\..\..\Components\zmac\"
#        -I "D:\project\Z-Stack
#        3.0.2\Projects\zstack\HomeAutomation\ZEM\CC2530DB\..\..\..\..\..\Components\zmac\f8w\"
#        -Ohz --require_prototypes)
#    Locale             =  Chinese (Simplified)_China.936
#    List file          =  
#        D:\project\Z-Stack
#        3.0.2\Projects\zstack\HomeAutomation\ZEM\CC2530DB\EndDeviceEB\List\ZMain.lst
#    Object file        =  
#        D:\project\Z-Stack
#        3.0.2\Projects\zstack\HomeAutomation\ZEM\CC2530DB\EndDeviceEB\Obj\ZMain.r51
#
###############################################################################

D:\project\Z-Stack 3.0.2\Projects\zstack\ZMain\TI2530DB\ZMain.c
      1          /*********************************************************************
      2           * INCLUDES
      3           */
      4          
      5          #ifndef NONWK
      6          #include "AF.h"
      7          #endif
      8          #include "hal_adc.h"

   \                                 In  segment SFR_AN, at 0x80
   \   union <unnamed> volatile __sfr _A_P0
   \                     _A_P0:
   \   000000                DS 1

   \                                 In  segment SFR_AN, at 0x8f
   \   unsigned char volatile __sfr P0INP
   \                     P0INP:
   \   000000                DS 1

   \                                 In  segment SFR_AN, at 0x90
   \   union <unnamed> volatile __sfr _A_P1
   \                     _A_P1:
   \   000000                DS 1

   \                                 In  segment SFR_AN, at 0x9d
   \   unsigned char volatile __sfr SLEEPSTA
   \                     SLEEPSTA:
   \   000000                DS 1

   \                                 In  segment SFR_AN, at 0x9e
   \   unsigned char volatile __sfr CLKCONSTA
   \                     CLKCONSTA:
   \   000000                DS 1

   \                                 In  segment SFR_AN, at 0xbe
   \   unsigned char volatile __sfr SLEEPCMD
   \                     SLEEPCMD:
   \   000000                DS 1

   \                                 In  segment SFR_AN, at 0xc6
   \   unsigned char volatile __sfr CLKCONCMD
   \                     CLKCONCMD:
   \   000000                DS 1

   \                                 In  segment SFR_AN, at 0xfd
   \   unsigned char volatile __sfr P0DIR
   \                     P0DIR:
   \   000000                DS 1

   \                                 In  segment SFR_AN, at 0xfe
   \   unsigned char volatile __sfr P1DIR
   \                     P1DIR:
   \   000000                DS 1
      9          #include "hal_flash.h"
     10          #include "hal_lcd.h"
     11          #include "hal_led.h"
     12          #include "hal_drivers.h"
     13          #include "OnBoard.h"
     14          #include "OSAL.h"
     15          #include "OSAL_Nv.h"
     16          #include "ZComDef.h"
     17          #include "ZMAC.h"
     18          
     19          /*********************************************************************
     20           * LOCAL FUNCTIONS
     21           */
     22          
     23          static void zmain_ext_addr( void );
     24          #if defined ZCL_KEY_ESTABLISH
     25          static void zmain_cert_init( void );
     26          #endif
     27          static void zmain_dev_info( void );
     28          static void zmain_vdd_check( void );
     29          
     30          #ifdef LCD_SUPPORTED
     31          static void zmain_lcd_init( void );
     32          #endif
     33          
     34          /*********************************************************************
     35           * @fn      main
     36           * @brief   First function called after startup.
     37           * @return  don't care
     38           */

   \                                 In  segment BANKED_CODE, align 1, keep-with-next
     39          int main( void )
   \                     main:
     40          {
   \   000000                ; Auto size: 17
   \   000000   74EF         MOV       A,#-0x11
   \   000002   12....       LCALL     ?ALLOC_XSTACK8
     41            // Turn off interrupts
     42            osal_int_disable( INTS_ALL );
   \   000005                ; Setup parameters for call to function osal_int_disable
   \   000005   79FF         MOV       R1,#-0x1
   \   000007   12....       LCALL     `??osal_int_disable::?relay`; Banked call to: osal_int_disable
     43            // Initialization for board related stuff such as LEDs
     44            HAL_BOARD_INIT();
   \   00000A   53BEFB       ANL       0xbe,#0xfb
   \                     ??main_0:
   \   00000D   E59D         MOV       A,0x9d
   \   00000F   A2E6         MOV       C,0xE0 /* A   */.6
   \   000011   50FA         JNC       ??main_0
   \   000013   00           NOP
   \   000014   78F8         MOV       R0,#-0x8
   \   000016   7901         MOV       R1,#0x1
   \                     ??main_1:
   \   000018   00           NOP
   \   000019   E8           MOV       A,R0
   \   00001A   24FF         ADD       A,#-0x1
   \   00001C   18           DEC       R0
   \   00001D   E9           MOV       A,R1
   \   00001E   34FF         ADDC      A,#-0x1
   \   000020   F9           MOV       R1,A
   \   000021   E8           MOV       A,R0
   \   000022   49           ORL       A,R1
   \   000023   70F3         JNZ       ??main_1
   \   000025   75C600       MOV       0xc6,#0x0
   \                     ??main_2:
   \   000028   E59E         MOV       A,0x9e
   \   00002A   70FC         JNZ       ??main_2
   \   00002C   43BE04       ORL       0xbe,#0x4
   \   00002F   906270       MOV       DPTR,#0x6270
   \   000032   7408         MOV       A,#0x8
   \   000034   F0           MOVX      @DPTR,A
   \   000035   C292         CLR       0x90.2
   \   000037   43FE04       ORL       0xfe,#0x4
   \   00003A   C291         CLR       0x90.1
   \   00003C   43FE02       ORL       0xfe,#0x2
   \   00003F   C293         CLR       0x90.3
   \   000041   43FE08       ORL       0xfe,#0x8
   \   000044   C281         CLR       0x80.1
   \   000046   43FD02       ORL       0xfd,#0x2
   \   000049   438F01       ORL       0x8f,#0x1
     45           
     46            // Make sure supply voltage is high enough to run
     47            zmain_vdd_check();
   \   00004C   7E10         MOV       R6,#0x10
   \                     ??main_3:
   \   00004E                ; Setup parameters for call to function HalAdcCheckVdd
   \   00004E   794E         MOV       R1,#0x4e
   \   000050   12....       LCALL     `??HalAdcCheckVdd::?relay`; Banked call to: HalAdcCheckVdd
   \   000053   E9           MOV       A,R1
   \   000054   60F8         JZ        ??main_3
   \   000056   1E           DEC       R6
   \   000057   EE           MOV       A,R6
   \   000058   70F4         JNZ       ??main_3
     48          
     49            // Initialize board I/O
     50            InitBoard( OB_COLD );
   \   00005A                ; Setup parameters for call to function InitBoard
   \   00005A   7900         MOV       R1,#0x0
   \   00005C   12....       LCALL     `??InitBoard::?relay`; Banked call to: InitBoard
     51          
     52            // Initialze HAL drivers
     53            HalDriverInit();
   \   00005F                ; Setup parameters for call to function HalDriverInit
   \   00005F   12....       LCALL     `??HalDriverInit::?relay`; Banked call to: HalDriverInit
     54          
     55            // Initialize NV System
     56          //   NV_INIT
     57          //  NV_RESTORE
     58            osal_nv_init( NULL );
   \   000062                ; Setup parameters for call to function osal_nv_init
   \   000062   7A00         MOV       R2,#0x0
   \   000064   7B00         MOV       R3,#0x0
   \   000066   12....       LCALL     `??osal_nv_init::?relay`; Banked call to: osal_nv_init
     59          
     60            // Initialize the MAC
     61            ZMacInit();
   \   000069                ; Setup parameters for call to function ZMacInit
   \   000069   12....       LCALL     `??ZMacInit::?relay`; Banked call to: ZMacInit
     62          
     63            // Determine the extended address
     64            zmain_ext_addr();
   \   00006C                ; Setup parameters for call to function zmain_ext_addr
   \   00006C   12....       LCALL     `??zmain_ext_addr::?relay`; Banked call to: zmain_ext_addr
     65          
     66          #if defined ZCL_KEY_ESTABLISH
     67            // Initialize the Certicom certificate information.
     68            zmain_cert_init();
     69          #endif
     70          
     71            // Initialize basic NV items
     72            zgInit();
   \   00006F                ; Setup parameters for call to function zgInit
   \   00006F   12....       LCALL     `??zgInit::?relay`; Banked call to: zgInit
     73          
     74          #ifndef NONWK
     75            // Since the AF isn't a task, call it's initialization routine
     76            afInit();
     77          #endif
     78          
     79            // Initialize the operating system
     80            osal_init_system();
   \   000072                ; Setup parameters for call to function osal_init_system
   \   000072   12....       LCALL     `??osal_init_system::?relay`; Banked call to: osal_init_system
     81          
     82            // Allow interrupts
     83            osal_int_enable( INTS_ALL );
   \   000075                ; Setup parameters for call to function osal_int_enable
   \   000075   79FF         MOV       R1,#-0x1
   \   000077   12....       LCALL     `??osal_int_enable::?relay`; Banked call to: osal_int_enable
     84          
     85            // Final board initialization
     86            InitBoard( OB_READY );
   \   00007A                ; Setup parameters for call to function InitBoard
   \   00007A   7902         MOV       R1,#0x2
   \   00007C   12....       LCALL     `??InitBoard::?relay`; Banked call to: InitBoard
     87          
     88            // Display information about this device
     89            zmain_dev_info();
   \   00007F   78..         MOV       R0,#(aExtendedAddress + 7) & 0xff
   \   000081   79..         MOV       R1,#((aExtendedAddress + 7) >> 8) & 0xff
   \   000083   7A00         MOV       R2,#0x0
   \                     ??main_4:
   \   000085   8882         MOV       DPL,R0
   \   000087   8983         MOV       DPH,R1
   \   000089   E0           MOVX      A,@DPTR
   \   00008A   C4           SWAP      A
   \   00008B   540F         ANL       A,#0xf
   \   00008D   FC           MOV       R4,A
   \   00008E   EA           MOV       A,R2
   \   00008F   FE           MOV       R6,A
   \   000090   7401         MOV       A,#0x1
   \   000092   2E           ADD       A,R6
   \   000093   FA           MOV       R2,A
   \   000094   EC           MOV       A,R4
   \   000095   C3           CLR       C
   \   000096   940A         SUBB      A,#0xa
   \   000098   5004         JNC       ??main_5
   \   00009A   7B30         MOV       R3,#0x30
   \   00009C   8002         SJMP      ??main_6
   \                     ??main_5:
   \   00009E   7B37         MOV       R3,#0x37
   \                     ??main_6:
   \   0000A0   EC           MOV       A,R4
   \   0000A1   2B           ADD       A,R3
   \   0000A2   C0E0         PUSH      A
   \   0000A4   85..82       MOV       DPL,?XSP + 0
   \   0000A7   85..83       MOV       DPH,?XSP + 1
   \   0000AA   E582         MOV       A,DPL
   \   0000AC   2E           ADD       A,R6
   \   0000AD   F582         MOV       DPL,A
   \   0000AF   E4           CLR       A
   \   0000B0   3583         ADDC      A,DPH
   \   0000B2   F583         MOV       DPH,A
   \   0000B4   D0E0         POP       A
   \   0000B6   F0           MOVX      @DPTR,A
   \   0000B7   8882         MOV       DPL,R0
   \   0000B9   8983         MOV       DPH,R1
   \   0000BB   E0           MOVX      A,@DPTR
   \   0000BC   540F         ANL       A,#0xf
   \   0000BE   FC           MOV       R4,A
   \   0000BF   EA           MOV       A,R2
   \   0000C0   FF           MOV       R7,A
   \   0000C1   7401         MOV       A,#0x1
   \   0000C3   2A           ADD       A,R2
   \   0000C4   FA           MOV       R2,A
   \   0000C5   EC           MOV       A,R4
   \   0000C6   C3           CLR       C
   \   0000C7   940A         SUBB      A,#0xa
   \   0000C9   5004         JNC       ??main_7
   \   0000CB   7B30         MOV       R3,#0x30
   \   0000CD   8002         SJMP      ??main_8
   \                     ??main_7:
   \   0000CF   7B37         MOV       R3,#0x37
   \                     ??main_8:
   \   0000D1   EC           MOV       A,R4
   \   0000D2   2B           ADD       A,R3
   \   0000D3   C0E0         PUSH      A
   \   0000D5   85..82       MOV       DPL,?XSP + 0
   \   0000D8   85..83       MOV       DPH,?XSP + 1
   \   0000DB   E582         MOV       A,DPL
   \   0000DD   2F           ADD       A,R7
   \   0000DE   F582         MOV       DPL,A
   \   0000E0   E4           CLR       A
   \   0000E1   3583         ADDC      A,DPH
   \   0000E3   F583         MOV       DPH,A
   \   0000E5   D0E0         POP       A
   \   0000E7   F0           MOVX      @DPTR,A
   \   0000E8   E8           MOV       A,R0
   \   0000E9   24FF         ADD       A,#-0x1
   \   0000EB   18           DEC       R0
   \   0000EC   E9           MOV       A,R1
   \   0000ED   34FF         ADDC      A,#-0x1
   \   0000EF   F9           MOV       R1,A
   \   0000F0   EA           MOV       A,R2
   \   0000F1   C3           CLR       C
   \   0000F2   9410         SUBB      A,#0x10
   \   0000F4   408F         JC        ??main_4
   \   0000F6   7410         MOV       A,#0x10
   \   0000F8   12....       LCALL     ?XSTACK_DISP0_8
   \   0000FB   E4           CLR       A
   \   0000FC   F0           MOVX      @DPTR,A
   \   0000FD                ; Setup parameters for call to function HalLcdWriteString
   \   0000FD   79FF         MOV       R1,#-0x1
   \   0000FF   7A..         MOV       R2,#`?<Constant "IEEE: ">` & 0xff
   \   000101   7B..         MOV       R3,#(`?<Constant "IEEE: ">` >> 8) & 0xff
   \   000103   12....       LCALL     `??HalLcdWriteString::?relay`; Banked call to: HalLcdWriteString
   \   000106                ; Setup parameters for call to function HalLcdWriteString
   \   000106   79FF         MOV       R1,#-0x1
   \   000108   AA..         MOV       R2,?XSP + 0
   \   00010A   AB..         MOV       R3,?XSP + 1
   \   00010C   12....       LCALL     `??HalLcdWriteString::?relay`; Banked call to: HalLcdWriteString
     90          
     91            /* Display the device info on the LCD */
     92          #ifdef LCD_SUPPORTED
     93            zmain_lcd_init();
   \   00010F                ; Setup parameters for call to function HalLcdWriteString
   \   00010F   79FF         MOV       R1,#-0x1
   \   000111   7A..         MOV       R2,#`?<Constant "TexasInstruments">` & 0xff
   \   000113   7B..         MOV       R3,#(`?<Constant "TexasInstruments">` >> 8) & 0xff
   \   000115   12....       LCALL     `??HalLcdWriteString::?relay`; Banked call to: HalLcdWriteString
     94          #endif
     95          
     96          #ifdef WDT_IN_PM1
     97            /* If WDT is used, this is a good place to enable it. */
     98            WatchDogEnable( WDTIMX );
     99          #endif
    100          
    101            osal_start_system(); // No Return from here
   \   000118                ; Setup parameters for call to function osal_start_system
   \   000118   12....       LCALL     `??osal_start_system::?relay`; Banked call to: osal_start_system
    102          
    103            return 0;  // Shouldn't get here.
   \   00011B   7A00         MOV       R2,#0x0
   \   00011D   7B00         MOV       R3,#0x0
   \   00011F   7411         MOV       A,#0x11
   \   000121   12....       LCALL     ?DEALLOC_XSTACK8
   \   000124   02....       LJMP      ?BRET
   \   000127                REQUIRE SLEEPCMD
   \   000127                REQUIRE SLEEPSTA
   \   000127                REQUIRE CLKCONCMD
   \   000127                REQUIRE CLKCONSTA
   \   000127                REQUIRE _A_P1
   \   000127                REQUIRE P1DIR
   \   000127                REQUIRE _A_P0
   \   000127                REQUIRE P0DIR
   \   000127                REQUIRE P0INP
    104          } // main()
    105          
    106          /*********************************************************************
    107           * @fn      zmain_vdd_check
    108           * @brief   Check if the Vdd is OK to run the processor.
    109           * @return  Return if Vdd is ok; otherwise, flash LED, then reset
    110           *********************************************************************/
    111          static void zmain_vdd_check( void )
    112          {
    113            uint8 cnt = 16;
    114            
    115            do {
    116              while (!HalAdcCheckVdd(VDD_MIN_RUN));
    117            } while (--cnt);
    118          }
    119          
    120          /**************************************************************************************************
    121           * @fn          zmain_ext_addr
    122           *
    123           * @brief       Execute a prioritized search for a valid extended address and write the results
    124           *              into the OSAL NV system for use by the system. Temporary address not saved to NV.
    125           *
    126           * input parameters
    127           *
    128           * None.
    129           *
    130           * output parameters
    131           *
    132           * None.
    133           *
    134           * @return      None.
    135           **************************************************************************************************
    136           */

   \                                 In  segment BANKED_CODE, align 1, keep-with-next
    137          static void zmain_ext_addr(void)
   \                     zmain_ext_addr:
    138          {
   \   000000                REQUIRE ?V0
   \   000000                REQUIRE ?V1
   \   000000                REQUIRE ?V2
   \   000000                REQUIRE ?V4
   \   000000                REQUIRE ?V5
   \   000000                REQUIRE ?V6
   \   000000                REQUIRE ?V8
   \   000000                REQUIRE ?V9
   \   000000   74EE         MOV       A,#-0x12
   \   000002   12....       LCALL     ?BANKED_ENTER_XDATA
   \   000005                ; Saved register size: 18
   \   000005                ; Auto size: 8
   \   000005   74F8         MOV       A,#-0x8
   \   000007   12....       LCALL     ?ALLOC_XSTACK8
    139            uint8 nullAddr[Z_EXTADDR_LEN] = {0xFF, 0xFF, 0xFF, 0xFF, 0xFF, 0xFF, 0xFF, 0xFF};
   \   00000A   90....       MOV       DPTR,#`?<Constant {255, 255, 255, 255, 255, 255, 255,`
   \   00000D   AC..         MOV       R4,?XSP + 0
   \   00000F   AD..         MOV       R5,?XSP + 1
   \   000011   7408         MOV       A,#0x8
   \   000013   12....       LCALL     ?MOVE_LONG8_XDATA_XDATA
    140            uint8 writeNV = TRUE;
    141          
    142            // First check whether a non-erased extended address exists in the OSAL NV.
    143            if ((SUCCESS != osal_nv_item_init(ZCD_NV_EXTADDR, Z_EXTADDR_LEN, NULL))  ||
    144                (SUCCESS != osal_nv_read(ZCD_NV_EXTADDR, 0, Z_EXTADDR_LEN, aExtendedAddress)) ||
    145                (osal_memcmp(aExtendedAddress, nullAddr, Z_EXTADDR_LEN)))
   \   000016   75....       MOV       ?V0,#aExtendedAddress & 0xff
   \   000019   75....       MOV       ?V1,#(aExtendedAddress >> 8) & 0xff
   \   00001C   F5..         MOV       ?V2,A
   \   00001E   A8..         MOV       R0,?XSP + 0
   \   000020   A9..         MOV       R1,?XSP + 1
   \   000022   88..         MOV       ?V4,R0
   \   000024   89..         MOV       ?V5,R1
   \   000026   F5..         MOV       ?V6,A
   \   000028                ; Setup parameters for call to function osal_nv_item_init
   \   000028   F5..         MOV       ?V8,A
   \   00002A   F5..         MOV       ?V9,A
   \   00002C   78..         MOV       R0,#?V8
   \   00002E   12....       LCALL     ?PUSH_XSTACK_I_TWO
   \   000031   7C08         MOV       R4,#0x8
   \   000033   7D00         MOV       R5,#0x0
   \   000035   7A01         MOV       R2,#0x1
   \   000037   7B00         MOV       R3,#0x0
   \   000039   12....       LCALL     `??osal_nv_item_init::?relay`; Banked call to: osal_nv_item_init
   \   00003C   7402         MOV       A,#0x2
   \   00003E   12....       LCALL     ?DEALLOC_XSTACK8
   \   000041   E9           MOV       A,R1
   \   000042   7046         JNZ       ??zmain_ext_addr_0
   \   000044                ; Setup parameters for call to function osal_nv_read
   \   000044   75....       MOV       ?V8,#aExtendedAddress & 0xff
   \   000047   75....       MOV       ?V9,#(aExtendedAddress >> 8) & 0xff
   \   00004A   78..         MOV       R0,#?V8
   \   00004C   12....       LCALL     ?PUSH_XSTACK_I_TWO
   \   00004F   75..08       MOV       ?V8,#0x8
   \   000052   75..00       MOV       ?V9,#0x0
   \   000055   78..         MOV       R0,#?V8
   \   000057   12....       LCALL     ?PUSH_XSTACK_I_TWO
   \   00005A   7C00         MOV       R4,#0x0
   \   00005C   7D00         MOV       R5,#0x0
   \   00005E   7A01         MOV       R2,#0x1
   \   000060   7B00         MOV       R3,#0x0
   \   000062   12....       LCALL     `??osal_nv_read::?relay`; Banked call to: osal_nv_read
   \   000065   7404         MOV       A,#0x4
   \   000067   12....       LCALL     ?DEALLOC_XSTACK8
   \   00006A   E9           MOV       A,R1
   \   00006B   701D         JNZ       ??zmain_ext_addr_0
   \   00006D                ; Setup parameters for call to function osal_memcmp
   \   00006D   78..         MOV       R0,#?V4
   \   00006F   12....       LCALL     ?PUSH_XSTACK_I_THREE
   \   000072   7C08         MOV       R4,#0x8
   \   000074   7D00         MOV       R5,#0x0
   \   000076   A9..         MOV       R1,?V0
   \   000078   AA..         MOV       R2,?V1
   \   00007A   AB..         MOV       R3,?V2
   \   00007C   12....       LCALL     `??osal_memcmp::?relay`; Banked call to: osal_memcmp
   \   00007F   7403         MOV       A,#0x3
   \   000081   12....       LCALL     ?DEALLOC_XSTACK8
   \   000084   E9           MOV       A,R1
   \   000085   7003         JNZ       $+5
   \   000087   02....       LJMP      ??zmain_ext_addr_1 & 0xFFFF
    146            {
    147              // Attempt to read the extended address from the location on the lock bits page
    148              // where the programming tools know to reserve it.
    149              HalFlashRead(HAL_FLASH_IEEE_PAGE, HAL_FLASH_IEEE_OSET, aExtendedAddress, Z_EXTADDR_LEN);
   \                     ??zmain_ext_addr_0:
   \   00008A                ; Setup parameters for call to function HalFlashRead
   \   00008A   75..08       MOV       ?V8,#0x8
   \   00008D   78..         MOV       R0,#?V8
   \   00008F   12....       LCALL     ?PUSH_XSTACK_I_TWO
   \   000092   7C..         MOV       R4,#aExtendedAddress & 0xff
   \   000094   7D..         MOV       R5,#(aExtendedAddress >> 8) & 0xff
   \   000096   7AE8         MOV       R2,#-0x18
   \   000098   7B07         MOV       R3,#0x7
   \   00009A   797F         MOV       R1,#0x7f
   \   00009C   12....       LCALL     `??HalFlashRead::?relay`; Banked call to: HalFlashRead
   \   00009F   7402         MOV       A,#0x2
   \   0000A1   12....       LCALL     ?DEALLOC_XSTACK8
    150          
    151              if (osal_memcmp(aExtendedAddress, nullAddr, Z_EXTADDR_LEN))
   \   0000A4                ; Setup parameters for call to function osal_memcmp
   \   0000A4   78..         MOV       R0,#?V4
   \   0000A6   12....       LCALL     ?PUSH_XSTACK_I_THREE
   \   0000A9   7C08         MOV       R4,#0x8
   \   0000AB   7D00         MOV       R5,#0x0
   \   0000AD   A9..         MOV       R1,?V0
   \   0000AF   AA..         MOV       R2,?V1
   \   0000B1   AB..         MOV       R3,?V2
   \   0000B3   12....       LCALL     `??osal_memcmp::?relay`; Banked call to: osal_memcmp
   \   0000B6   7403         MOV       A,#0x3
   \   0000B8   12....       LCALL     ?DEALLOC_XSTACK8
   \   0000BB   E9           MOV       A,R1
   \   0000BC   6035         JZ        ??zmain_ext_addr_2
    152              {
    153                // Attempt to read the extended address from the designated location in the Info Page.
    154                if (!osal_memcmp((uint8 *)(P_INFOPAGE+HAL_INFOP_IEEE_OSET), nullAddr, Z_EXTADDR_LEN))
   \   0000BE                ; Setup parameters for call to function osal_memcmp
   \   0000BE   78..         MOV       R0,#?V4
   \   0000C0   12....       LCALL     ?PUSH_XSTACK_I_THREE
   \   0000C3   7C08         MOV       R4,#0x8
   \   0000C5   7D00         MOV       R5,#0x0
   \   0000C7   790C         MOV       R1,#0xc
   \   0000C9   7A78         MOV       R2,#0x78
   \   0000CB   7B00         MOV       R3,#0x0
   \   0000CD   12....       LCALL     `??osal_memcmp::?relay`; Banked call to: osal_memcmp
   \   0000D0   7403         MOV       A,#0x3
   \   0000D2   12....       LCALL     ?DEALLOC_XSTACK8
   \   0000D5   E9           MOV       A,R1
   \   0000D6   7054         JNZ       ??zmain_ext_addr_3
    155                {
    156                  osal_memcpy(aExtendedAddress, (uint8 *)(P_INFOPAGE+HAL_INFOP_IEEE_OSET), Z_EXTADDR_LEN);
   \   0000D8                ; Setup parameters for call to function osal_memcpy
   \   0000D8   75..0C       MOV       ?V0,#0xc
   \   0000DB   75..78       MOV       ?V1,#0x78
   \   0000DE   78..         MOV       R0,#?V0
   \   0000E0   12....       LCALL     ?PUSH_XSTACK_I_THREE
   \   0000E3   7C08         MOV       R4,#0x8
   \   0000E5   7D00         MOV       R5,#0x0
   \   0000E7   7A..         MOV       R2,#aExtendedAddress & 0xff
   \   0000E9   7B..         MOV       R3,#(aExtendedAddress >> 8) & 0xff
   \   0000EB   12....       LCALL     `??osal_memcpy::?relay`; Banked call to: osal_memcpy
   \   0000EE   7403         MOV       A,#0x3
   \   0000F0   12....       LCALL     ?DEALLOC_XSTACK8
    157                }
    158                else  // No valid extended address was found.
    159                {
    160                  uint8 idx;
    161                  
    162          #if !defined ( NV_RESTORE )
    163                  writeNV = FALSE;  // Make this a temporary IEEE address
    164          #endif
    165          
    166                  /* Attempt to create a sufficiently random extended address for expediency.
    167                   * Note: this is only valid/legal in a test environment and
    168                   *       must never be used for a commercial product.
    169                   */
    170                  for (idx = 0; idx < (Z_EXTADDR_LEN - 2);)
    171                  {
    172                    uint16 randy = osal_rand();
    173                    aExtendedAddress[idx++] = LO_UINT16(randy);
    174                    aExtendedAddress[idx++] = HI_UINT16(randy);
    175                  }
    176                  // Next-to-MSB identifies ZigBee devicetype.
    177          #if ZG_BUILD_COORDINATOR_TYPE && !ZG_BUILD_JOINING_TYPE
    178                  aExtendedAddress[idx++] = 0x10;
    179          #elif ZG_BUILD_RTRONLY_TYPE
    180                  aExtendedAddress[idx++] = 0x20;
    181          #else
    182                  aExtendedAddress[idx++] = 0x30;
    183          #endif
    184                  // MSB has historical signficance.
    185                  aExtendedAddress[idx] = 0xF8;
    186                }
    187              }
    188          
    189              if (writeNV)
    190              {
    191                (void)osal_nv_write(ZCD_NV_EXTADDR, 0, Z_EXTADDR_LEN, aExtendedAddress);
   \                     ??zmain_ext_addr_2:
   \   0000F3                ; Setup parameters for call to function osal_nv_write
   \   0000F3   75....       MOV       ?V0,#aExtendedAddress & 0xff
   \   0000F6   75....       MOV       ?V1,#(aExtendedAddress >> 8) & 0xff
   \   0000F9   78..         MOV       R0,#?V0
   \   0000FB   12....       LCALL     ?PUSH_XSTACK_I_TWO
   \   0000FE   75..08       MOV       ?V0,#0x8
   \   000101   75..00       MOV       ?V1,#0x0
   \   000104   78..         MOV       R0,#?V0
   \   000106   12....       LCALL     ?PUSH_XSTACK_I_TWO
   \   000109   7C00         MOV       R4,#0x0
   \   00010B   7D00         MOV       R5,#0x0
   \   00010D   7A01         MOV       R2,#0x1
   \   00010F   7B00         MOV       R3,#0x0
   \   000111   12....       LCALL     `??osal_nv_write::?relay`; Banked call to: osal_nv_write
   \   000114   7404         MOV       A,#0x4
   \   000116   12....       LCALL     ?DEALLOC_XSTACK8
    192              }
    193            }
    194          
    195            // Set the MAC PIB extended address according to results from above.
    196            (void)ZMacSetReq(MAC_EXTENDED_ADDRESS, aExtendedAddress);
   \                     ??zmain_ext_addr_1:
   \   000119                ; Setup parameters for call to function ZMacSetReq
   \   000119   7A..         MOV       R2,#aExtendedAddress & 0xff
   \   00011B   7B..         MOV       R3,#(aExtendedAddress >> 8) & 0xff
   \   00011D   79E2         MOV       R1,#-0x1e
   \   00011F   12....       LCALL     `??ZMacSetReq::?relay`; Banked call to: ZMacSetReq
    197          }
   \   000122   7408         MOV       A,#0x8
   \   000124   12....       LCALL     ?DEALLOC_XSTACK8
   \   000127   7F0A         MOV       R7,#0xa
   \   000129   02....       LJMP      ?BANKED_LEAVE_XDATA
   \                     ??zmain_ext_addr_3:
   \   00012C   7E00         MOV       R6,#0x0
   \                     ??zmain_ext_addr_4:
   \   00012E                ; Setup parameters for call to function osal_rand
   \   00012E   12....       LCALL     `??osal_rand::?relay`; Banked call to: osal_rand
   \   000131   8A..         MOV       ?V0,R2
   \   000133   EE           MOV       A,R6
   \   000134   FA           MOV       R2,A
   \   000135   74..         MOV       A,#aExtendedAddress & 0xff
   \   000137   2A           ADD       A,R2
   \   000138   F582         MOV       DPL,A
   \   00013A   E4           CLR       A
   \   00013B   34..         ADDC      A,#(aExtendedAddress >> 8) & 0xff
   \   00013D   F583         MOV       DPH,A
   \   00013F   E5..         MOV       A,?V0
   \   000141   F0           MOVX      @DPTR,A
   \   000142   0E           INC       R6
   \   000143   EE           MOV       A,R6
   \   000144   F8           MOV       R0,A
   \   000145   12....       LCALL     ?Subroutine0 & 0xFFFF
   \                     ??CrossCallReturnLabel_0:
   \   000148   EB           MOV       A,R3
   \   000149   F0           MOVX      @DPTR,A
   \   00014A   0E           INC       R6
   \   00014B   EE           MOV       A,R6
   \   00014C   C3           CLR       C
   \   00014D   9406         SUBB      A,#0x6
   \   00014F   40DD         JC        ??zmain_ext_addr_4
   \   000151   08           INC       R0
   \   000152   12....       LCALL     ?Subroutine0 & 0xFFFF
   \                     ??CrossCallReturnLabel_1:
   \   000155   7430         MOV       A,#0x30
   \   000157   F0           MOVX      @DPTR,A
   \   000158   08           INC       R0
   \   000159   74..         MOV       A,#aExtendedAddress & 0xff
   \   00015B   28           ADD       A,R0
   \   00015C   F582         MOV       DPL,A
   \   00015E   E4           CLR       A
   \   00015F   34..         ADDC      A,#(aExtendedAddress >> 8) & 0xff
   \   000161   F583         MOV       DPH,A
   \   000163   74F8         MOV       A,#-0x8
   \   000165   F0           MOVX      @DPTR,A
   \   000166   80B1         SJMP      ??zmain_ext_addr_1

   \                                 In  segment BANKED_CODE, align 1, keep-with-next
   \                     ?Subroutine0:
   \   000000   74..         MOV       A,#aExtendedAddress & 0xff
   \   000002   2E           ADD       A,R6
   \   000003   F582         MOV       DPL,A
   \   000005   E4           CLR       A
   \   000006   34..         ADDC      A,#(aExtendedAddress >> 8) & 0xff
   \   000008   F583         MOV       DPH,A
   \   00000A   22           RET

   \                                 In  segment BANK_RELAYS, align 1
   \                     `??main::?relay`:
   \   000000   12....       LCALL   ?BDISPATCH
   \   000003   ......       DC24    main

   \                                 In  segment BANK_RELAYS, align 1
   \                     `??zmain_ext_addr::?relay`:
   \   000000   12....       LCALL   ?BDISPATCH
   \   000003   ......       DC24    zmain_ext_addr

   \                                 In  segment XDATA_ROM_C, align 1
   \                     `?<Constant {255, 255, 255, 255, 255, 255, 255,`:
   \   000000   FF           DB 255
   \   000001   FF           DB 255
   \   000002   FF           DB 255
   \   000003   FF           DB 255
   \   000004   FF           DB 255
   \   000005   FF           DB 255
   \   000006   FF           DB 255
   \   000007   FF           DB 255

   \                                 In  segment XDATA_ROM_C, align 1
   \                     `?<Constant "IEEE: ">`:
   \   000000   49454545     DB "IEEE: "
   \            3A2000  

   \                                 In  segment XDATA_ROM_C, align 1
   \                     `?<Constant "TexasInstruments">`:
   \   000000   54657861     DB "TexasInstruments"
   \            73496E73
   \            7472756D
   \            656E7473
   \            00      
    198          
    199          #if defined ZCL_KEY_ESTABLISH
    200          /**************************************************************************************************
    201           * @fn          zmain_cert_init
    202           *
    203           * @brief       Initialize the Certicom certificate information.
    204           *
    205           * input parameters
    206           *
    207           * None.
    208           *
    209           * output parameters
    210           *
    211           * None.
    212           *
    213           * @return      None.
    214           **************************************************************************************************
    215           */
    216          static void zmain_cert_init(void)
    217          {
    218            uint8 certData[ZCL_KE_IMPLICIT_CERTIFICATE_LEN];
    219            uint8 nullData[ZCL_KE_IMPLICIT_CERTIFICATE_LEN] = {
    220              0xFF, 0xFF, 0xFF, 0xFF, 0xFF, 0xFF, 0xFF, 0xFF,
    221              0xFF, 0xFF, 0xFF, 0xFF, 0xFF, 0xFF, 0xFF, 0xFF,
    222              0xFF, 0xFF, 0xFF, 0xFF, 0xFF, 0xFF, 0xFF, 0xFF,
    223              0xFF, 0xFF, 0xFF, 0xFF, 0xFF, 0xFF, 0xFF, 0xFF,
    224              0xFF, 0xFF, 0xFF, 0xFF, 0xFF, 0xFF, 0xFF, 0xFF,
    225              0xFF, 0xFF, 0xFF, 0xFF, 0xFF, 0xFF, 0xFF, 0xFF
    226            };
    227          
    228            (void)osal_nv_item_init(ZCD_NV_IMPLICIT_CERTIFICATE, ZCL_KE_IMPLICIT_CERTIFICATE_LEN, NULL);
    229            (void)osal_nv_item_init(ZCD_NV_DEVICE_PRIVATE_KEY, ZCL_KE_DEVICE_PRIVATE_KEY_LEN, NULL);
    230          
    231            // First check whether non-null certificate data exists in the OSAL NV. To save on code space,
    232            // just use the ZCD_NV_CA_PUBLIC_KEY as the bellwether for all three.
    233            if ((SUCCESS != osal_nv_item_init(ZCD_NV_CA_PUBLIC_KEY, ZCL_KE_CA_PUBLIC_KEY_LEN, NULL))    ||
    234                (SUCCESS != osal_nv_read(ZCD_NV_CA_PUBLIC_KEY, 0, ZCL_KE_CA_PUBLIC_KEY_LEN, certData))  ||
    235                (osal_memcmp(certData, nullData, ZCL_KE_CA_PUBLIC_KEY_LEN)))
    236            {
    237              // Attempt to read the certificate data from its corresponding location on the lock bits page.
    238              HalFlashRead(HAL_FLASH_IEEE_PAGE, HAL_FLASH_CA_PUBLIC_KEY_OSET, certData,
    239                                                   ZCL_KE_CA_PUBLIC_KEY_LEN);
    240              // If the certificate data is not NULL, use it to update the corresponding NV items.
    241              if (!osal_memcmp(certData, nullData, ZCL_KE_CA_PUBLIC_KEY_LEN))
    242              {
    243                (void)osal_nv_write(ZCD_NV_CA_PUBLIC_KEY, 0, ZCL_KE_CA_PUBLIC_KEY_LEN, certData);
    244                HalFlashRead(HAL_FLASH_IEEE_PAGE, HAL_FLASH_IMPLICIT_CERT_OSET, certData,
    245                                                     ZCL_KE_IMPLICIT_CERTIFICATE_LEN);
    246                (void)osal_nv_write(ZCD_NV_IMPLICIT_CERTIFICATE, 0,
    247                                    ZCL_KE_IMPLICIT_CERTIFICATE_LEN, certData);
    248                HalFlashRead(HAL_FLASH_IEEE_PAGE, HAL_FLASH_DEV_PRIVATE_KEY_OSET, certData,
    249                                                  ZCL_KE_DEVICE_PRIVATE_KEY_LEN);
    250                (void)osal_nv_write(ZCD_NV_DEVICE_PRIVATE_KEY, 0, ZCL_KE_DEVICE_PRIVATE_KEY_LEN, certData);
    251              }
    252            }
    253          }
    254          #endif
    255          
    256          /**************************************************************************************************
    257           * @fn          zmain_dev_info
    258           *
    259           * @brief       This displays the IEEE (MSB to LSB) on the LCD.
    260           *
    261           * input parameters
    262           *
    263           * None.
    264           *
    265           * output parameters
    266           *
    267           * None.
    268           *
    269           * @return      None.
    270           **************************************************************************************************
    271           */
    272          static void zmain_dev_info(void)
    273          {
    274          #if defined ( SERIAL_DEBUG_SUPPORTED ) || (defined ( LEGACY_LCD_DEBUG ) && defined (LCD_SUPPORTED))
    275            uint8 i;
    276            uint8 *xad;
    277            uint8 lcd_buf[Z_EXTADDR_LEN*2+1];
    278          
    279            // Display the extended address.
    280            xad = aExtendedAddress + Z_EXTADDR_LEN - 1;
    281          
    282            for (i = 0; i < Z_EXTADDR_LEN*2; xad--)
    283            {
    284              uint8 ch;
    285              ch = (*xad >> 4) & 0x0F;
    286              lcd_buf[i++] = ch + (( ch < 10 ) ? '0' : '7');
    287              ch = *xad & 0x0F;
    288              lcd_buf[i++] = ch + (( ch < 10 ) ? '0' : '7');
    289            }
    290            lcd_buf[Z_EXTADDR_LEN*2] = '\0';
    291            HalLcdWriteString( "IEEE: ", HAL_LCD_DEBUG_LINE_1 );
    292            HalLcdWriteString( (char*)lcd_buf, HAL_LCD_DEBUG_LINE_2 );
    293          #endif
    294          }
    295          
    296          #ifdef LCD_SUPPORTED
    297          /*********************************************************************
    298           * @fn      zmain_lcd_init
    299           * @brief   Initialize LCD at start up.
    300           * @return  none
    301           *********************************************************************/
    302          static void zmain_lcd_init ( void )
    303          {
    304          #ifdef SERIAL_DEBUG_SUPPORTED
    305            {
    306              HalLcdWriteString( "TexasInstruments", HAL_LCD_DEBUG_LINE_1 );
    307          
    308          #if defined( MT_MAC_FUNC )
    309          #if defined( ZDO_COORDINATOR )
    310                HalLcdWriteString( "MAC-MT Coord", HAL_LCD_DEBUG_LINE_2 );
    311          #else
    312                HalLcdWriteString( "MAC-MT Device", HAL_LCD_DEBUG_LINE_2 );
    313          #endif // ZDO
    314          #elif defined( MT_NWK_FUNC )
    315          #if defined( ZDO_COORDINATOR )
    316                HalLcdWriteString( "NWK Coordinator", HAL_LCD_DEBUG_LINE_2 );
    317          #else
    318                HalLcdWriteString( "NWK Device", HAL_LCD_DEBUG_LINE_2 );
    319          #endif // ZDO
    320          #endif // MT_FUNC
    321            }
    322          #endif // SERIAL_DEBUG_SUPPORTED
    323          }
    324          #endif
    325          
    326          /*********************************************************************
    327          *********************************************************************/

   Maximum stack usage in bytes:

   ISTACK XSTACK Function
   ------ ------ --------
      1     17   main
        0     17   -> HalAdcCheckVdd
        0     17   -> HalDriverInit
        0     17   -> HalLcdWriteString
        0     17   -> InitBoard
        0     17   -> ZMacInit
        0     17   -> osal_init_system
        0     17   -> osal_int_disable
        0     17   -> osal_int_enable
        0     17   -> osal_nv_init
        0     17   -> osal_start_system
        0     17   -> zgInit
        0     17   -> zmain_ext_addr
      1     47   zmain_ext_addr
        0     28   -> HalFlashRead
        0     26   -> ZMacSetReq
        0     29   -> osal_memcmp
        0     29   -> osal_memcpy
        0     28   -> osal_nv_item_init
        0     30   -> osal_nv_read
        0     30   -> osal_nv_write
        0     26   -> osal_rand


   Segment part sizes:

   Bytes  Function/Label
   -----  --------------
       7  ?<Constant "IEEE: ">
      17  ?<Constant "TexasInstruments">
       8  ?<Constant {255, 255, 255, 255, 255, 255, 255,
      11  ?Subroutine0
       1  CLKCONCMD
       1  CLKCONSTA
       1  P0DIR
       1  P0INP
       1  P1DIR
       1  SLEEPCMD
       1  SLEEPSTA
       1  _A_P0
       1  _A_P1
     295  main
       6  main::?relay
     360  zmain_ext_addr
       6  zmain_ext_addr::?relay

 
 666 bytes in segment BANKED_CODE
  12 bytes in segment BANK_RELAYS
   9 bytes in segment SFR_AN
  32 bytes in segment XDATA_ROM_C
 
  12 bytes of CODE     memory
  32 bytes of CONST    memory
   0 bytes of DATA     memory (+ 9 bytes shared)
 666 bytes of HUGECODE memory

Errors: none
Warnings: none
